<?xml version="1.0" encoding="UTF-8"?>
<testsuite name="com.DJJY.springboot.web.IndexControllerTest" tests="1" skipped="0" failures="0" errors="0" timestamp="2020-08-14T10:36:50" hostname="DESKTOP-4IOAKB7" time="0.306">
  <properties/>
  <testcase name="메인페이지_로딩" classname="com.DJJY.springboot.web.IndexControllerTest" time="0.306"/>
  <system-out><![CDATA[2020-08-14 19:36:46.692  INFO 17368 --- [    Test worker] .b.t.c.SpringBootTestContextBootstrapper : Neither @ContextConfiguration nor @ContextHierarchy found for test class [com.DJJY.springboot.web.IndexControllerTest], using SpringBootContextLoader
2020-08-14 19:36:46.694  INFO 17368 --- [    Test worker] o.s.t.c.support.AbstractContextLoader    : Could not detect default resource locations for test class [com.DJJY.springboot.web.IndexControllerTest]: no resource found for suffixes {-context.xml, Context.groovy}.
2020-08-14 19:36:46.694  INFO 17368 --- [    Test worker] t.c.s.AnnotationConfigContextLoaderUtils : Could not detect default configuration classes for test class [com.DJJY.springboot.web.IndexControllerTest]: IndexControllerTest does not declare any static, non-private, non-final, nested classes annotated with @Configuration.
2020-08-14 19:36:46.697  INFO 17368 --- [    Test worker] .b.t.c.SpringBootTestContextBootstrapper : Found @SpringBootConfiguration com.DJJY.springboot.Application for test class com.DJJY.springboot.web.IndexControllerTest
2020-08-14 19:36:46.699  INFO 17368 --- [    Test worker] .b.t.c.SpringBootTestContextBootstrapper : Loaded default TestExecutionListener class names from location [META-INF/spring.factories]: [org.springframework.security.test.context.support.WithSecurityContextTestExecutionListener, org.springframework.security.test.context.support.ReactorContextTestExecutionListener, org.springframework.boot.test.autoconfigure.restdocs.RestDocsTestExecutionListener, org.springframework.boot.test.autoconfigure.web.client.MockRestServiceServerResetTestExecutionListener, org.springframework.boot.test.autoconfigure.web.servlet.MockMvcPrintOnlyOnFailureTestExecutionListener, org.springframework.boot.test.autoconfigure.web.servlet.WebDriverTestExecutionListener, org.springframework.boot.test.mock.mockito.MockitoTestExecutionListener, org.springframework.boot.test.mock.mockito.ResetMocksTestExecutionListener, org.springframework.test.context.web.ServletTestExecutionListener, org.springframework.test.context.support.DirtiesContextBeforeModesTestExecutionListener, org.springframework.test.context.support.DependencyInjectionTestExecutionListener, org.springframework.test.context.support.DirtiesContextTestExecutionListener, org.springframework.test.context.transaction.TransactionalTestExecutionListener, org.springframework.test.context.jdbc.SqlScriptsTestExecutionListener]
2020-08-14 19:36:46.701  INFO 17368 --- [    Test worker] .b.t.c.SpringBootTestContextBootstrapper : Using TestExecutionListeners: [org.springframework.test.context.web.ServletTestExecutionListener@5298fee, org.springframework.test.context.support.DirtiesContextBeforeModesTestExecutionListener@58b5100b, org.springframework.boot.test.mock.mockito.MockitoTestExecutionListener@115eb1a6, org.springframework.boot.test.autoconfigure.SpringBootDependencyInjectionTestExecutionListener@3146edaa, org.springframework.test.context.support.DirtiesContextTestExecutionListener@78d95293, org.springframework.test.context.transaction.TransactionalTestExecutionListener@81c20cb, org.springframework.test.context.jdbc.SqlScriptsTestExecutionListener@6c2b63ef, org.springframework.security.test.context.support.WithSecurityContextTestExecutionListener@6a86f87d, org.springframework.security.test.context.support.ReactorContextTestExecutionListener@58796274, org.springframework.boot.test.autoconfigure.restdocs.RestDocsTestExecutionListener@310a0bc8, org.springframework.boot.test.autoconfigure.web.client.MockRestServiceServerResetTestExecutionListener@609221d, org.springframework.boot.test.autoconfigure.web.servlet.MockMvcPrintOnlyOnFailureTestExecutionListener@5b9177b1, org.springframework.boot.test.autoconfigure.web.servlet.WebDriverTestExecutionListener@4868c475, org.springframework.boot.test.mock.mockito.ResetMocksTestExecutionListener@295dd2fb]

  .   ____          _            __ _ _
 /\\ / ___'_ __ _ _(_)_ __  __ _ \ \ \ \
( ( )\___ | '_ | '_| | '_ \/ _` | \ \ \ \
 \\/  ___)| |_)| | | | | || (_| |  ) ) ) )
  '  |____| .__|_| |_|_| |_\__, | / / / /
 =========|_|==============|___/=/_/_/_/
 :: Spring Boot ::        (v2.1.9.RELEASE)

2020-08-14 19:36:46.821  INFO 17368 --- [    Test worker] c.D.springboot.web.IndexControllerTest   : Starting IndexControllerTest on DESKTOP-4IOAKB7 with PID 17368 (started by user in C:\Users\user\project_200728)
2020-08-14 19:36:46.821  INFO 17368 --- [    Test worker] c.D.springboot.web.IndexControllerTest   : The following profiles are active: oauth
2020-08-14 19:36:47.214  INFO 17368 --- [    Test worker] .s.d.r.c.RepositoryConfigurationDelegate : Bootstrapping Spring Data repositories in DEFAULT mode.
2020-08-14 19:36:47.272  INFO 17368 --- [    Test worker] .s.d.r.c.RepositoryConfigurationDelegate : Finished Spring Data repository scanning in 57ms. Found 2 repository interfaces.
2020-08-14 19:36:47.425  INFO 17368 --- [    Test worker] trationDelegate$BeanPostProcessorChecker : Bean 'org.springframework.transaction.annotation.ProxyTransactionManagementConfiguration' of type [org.springframework.transaction.annotation.ProxyTransactionManagementConfiguration$$EnhancerBySpringCGLIB$$2d6d7dc4] is not eligible for getting processed by all BeanPostProcessors (for example: not eligible for auto-proxying)
2020-08-14 19:36:47.841  INFO 17368 --- [    Test worker] o.s.b.w.embedded.tomcat.TomcatWebServer  : Tomcat initialized with port(s): 0 (http)
2020-08-14 19:36:47.894  INFO 17368 --- [    Test worker] o.apache.catalina.core.StandardService   : Starting service [Tomcat]
2020-08-14 19:36:47.894  INFO 17368 --- [    Test worker] org.apache.catalina.core.StandardEngine  : Starting Servlet engine: [Apache Tomcat/9.0.26]
2020-08-14 19:36:48.215  INFO 17368 --- [    Test worker] o.a.c.c.C.[Tomcat].[localhost].[/]       : Initializing Spring embedded WebApplicationContext
2020-08-14 19:36:48.216  INFO 17368 --- [    Test worker] o.s.web.context.ContextLoader            : Root WebApplicationContext: initialization completed in 1391 ms
2020-08-14 19:36:48.549  INFO 17368 --- [    Test worker] com.zaxxer.hikari.HikariDataSource       : HikariPool-2 - Starting...
2020-08-14 19:36:48.550  INFO 17368 --- [    Test worker] com.zaxxer.hikari.HikariDataSource       : HikariPool-2 - Start completed.
2020-08-14 19:36:48.631  INFO 17368 --- [    Test worker] o.hibernate.jpa.internal.util.LogHelper  : HHH000204: Processing PersistenceUnitInfo [
	name: default
	...]
2020-08-14 19:36:48.652  INFO 17368 --- [    Test worker] org.hibernate.dialect.Dialect            : HHH000400: Using dialect: org.hibernate.dialect.MySQL5InnoDBDialect
Hibernate: drop table if exists posts
Hibernate: drop table if exists user
Hibernate: create table posts (id bigint not null auto_increment, created_date datetime, modified_date datetime, author varchar(255), content TEXT not null, title varchar(500) not null, primary key (id)) engine=InnoDB
Hibernate: create table user (id bigint not null auto_increment, created_date datetime, modified_date datetime, email varchar(255) not null, name varchar(255) not null, picture varchar(255), role varchar(255) not null, primary key (id)) engine=InnoDB
2020-08-14 19:36:48.760  INFO 17368 --- [    Test worker] o.h.t.schema.internal.SchemaCreatorImpl  : HHH000476: Executing import script 'org.hibernate.tool.schema.internal.exec.ScriptSourceInputNonExistentImpl@63d6b407'
2020-08-14 19:36:48.760  INFO 17368 --- [    Test worker] j.LocalContainerEntityManagerFactoryBean : Initialized JPA EntityManagerFactory for persistence unit 'default'
2020-08-14 19:36:49.358  INFO 17368 --- [    Test worker] o.h.h.i.QueryTranslatorFactoryInitiator  : HHH000397: Using ASTQueryTranslatorFactory
2020-08-14 19:36:49.667  INFO 17368 --- [    Test worker] o.s.s.web.DefaultSecurityFilterChain     : Creating filter chain: any request, [org.springframework.security.web.context.request.async.WebAsyncManagerIntegrationFilter@199a66ad, org.springframework.security.web.context.SecurityContextPersistenceFilter@578a2fe6, org.springframework.security.web.header.HeaderWriterFilter@7768cdd, org.springframework.security.web.authentication.logout.LogoutFilter@796a44d8, org.springframework.security.oauth2.client.web.OAuth2AuthorizationRequestRedirectFilter@68da3e3e, org.springframework.security.oauth2.client.web.OAuth2LoginAuthenticationFilter@1c0acf0b, org.springframework.security.web.authentication.ui.DefaultLoginPageGeneratingFilter@7f19b1c2, org.springframework.security.web.authentication.ui.DefaultLogoutPageGeneratingFilter@46559aca, org.springframework.security.web.savedrequest.RequestCacheAwareFilter@262e192b, org.springframework.security.web.servletapi.SecurityContextHolderAwareRequestFilter@150d6957, org.springframework.security.web.authentication.AnonymousAuthenticationFilter@7fc767f0, org.springframework.security.web.session.SessionManagementFilter@1fdea410, org.springframework.security.web.access.ExceptionTranslationFilter@bdf5145, org.springframework.security.web.access.intercept.FilterSecurityInterceptor@16a9272b]
2020-08-14 19:36:50.049  INFO 17368 --- [    Test worker] o.s.s.concurrent.ThreadPoolTaskExecutor  : Initializing ExecutorService 'applicationTaskExecutor'
2020-08-14 19:36:50.075  WARN 17368 --- [    Test worker] aWebConfiguration$JpaWebMvcConfiguration : spring.jpa.open-in-view is enabled by default. Therefore, database queries may be performed during view rendering. Explicitly configure spring.jpa.open-in-view to disable this warning
2020-08-14 19:36:50.162  INFO 17368 --- [    Test worker] o.s.b.a.w.s.WelcomePageHandlerMapping    : Adding welcome page template: index
2020-08-14 19:36:50.884  INFO 17368 --- [    Test worker] s.a.ScheduledAnnotationBeanPostProcessor : No TaskScheduler/ScheduledExecutorService bean found for scheduled processing
2020-08-14 19:36:50.921  INFO 17368 --- [    Test worker] o.s.b.w.embedded.tomcat.TomcatWebServer  : Tomcat started on port(s): 51755 (http) with context path ''
2020-08-14 19:36:50.922  INFO 17368 --- [    Test worker] c.D.springboot.web.IndexControllerTest   : Started IndexControllerTest in 4.219 seconds (JVM running for 18.472)
2020-08-14 19:36:51.084  INFO 17368 --- [o-auto-1-exec-1] o.a.c.c.C.[Tomcat].[localhost].[/]       : Initializing Spring DispatcherServlet 'dispatcherServlet'
2020-08-14 19:36:51.084  INFO 17368 --- [o-auto-1-exec-1] o.s.web.servlet.DispatcherServlet        : Initializing Servlet 'dispatcherServlet'
2020-08-14 19:36:51.125  INFO 17368 --- [o-auto-1-exec-1] o.s.web.servlet.DispatcherServlet        : Completed initialization in 41 ms
Hibernate: select posts0_.id as id1_0_, posts0_.created_date as created_2_0_, posts0_.modified_date as modified3_0_, posts0_.author as author4_0_, posts0_.content as content5_0_, posts0_.title as title6_0_ from posts posts0_ order by posts0_.id DESC
]]></system-out>
  <system-err><![CDATA[]]></system-err>
</testsuite>
