<?xml version="1.0" encoding="UTF-8"?>
<testsuite name="com.DJJY.springboot.web.PostApiControllerTest" tests="2" skipped="0" failures="0" errors="0" timestamp="2020-08-14T10:36:51" hostname="DESKTOP-4IOAKB7" time="0.156">
  <properties/>
  <testcase name="Posts_등록된다" classname="com.DJJY.springboot.web.PostApiControllerTest" time="0.115"/>
  <testcase name="Posts_수정된다" classname="com.DJJY.springboot.web.PostApiControllerTest" time="0.04"/>
  <system-out><![CDATA[2020-08-14 19:36:51.239  INFO 17368 --- [    Test worker] .b.t.c.SpringBootTestContextBootstrapper : Neither @ContextConfiguration nor @ContextHierarchy found for test class [com.DJJY.springboot.web.PostApiControllerTest], using SpringBootContextLoader
2020-08-14 19:36:51.241  INFO 17368 --- [    Test worker] o.s.t.c.support.AbstractContextLoader    : Could not detect default resource locations for test class [com.DJJY.springboot.web.PostApiControllerTest]: no resource found for suffixes {-context.xml, Context.groovy}.
2020-08-14 19:36:51.241  INFO 17368 --- [    Test worker] t.c.s.AnnotationConfigContextLoaderUtils : Could not detect default configuration classes for test class [com.DJJY.springboot.web.PostApiControllerTest]: PostApiControllerTest does not declare any static, non-private, non-final, nested classes annotated with @Configuration.
2020-08-14 19:36:51.244  INFO 17368 --- [    Test worker] .b.t.c.SpringBootTestContextBootstrapper : Found @SpringBootConfiguration com.DJJY.springboot.Application for test class com.DJJY.springboot.web.PostApiControllerTest
2020-08-14 19:36:51.247  INFO 17368 --- [    Test worker] .b.t.c.SpringBootTestContextBootstrapper : Loaded default TestExecutionListener class names from location [META-INF/spring.factories]: [org.springframework.security.test.context.support.WithSecurityContextTestExecutionListener, org.springframework.security.test.context.support.ReactorContextTestExecutionListener, org.springframework.boot.test.autoconfigure.restdocs.RestDocsTestExecutionListener, org.springframework.boot.test.autoconfigure.web.client.MockRestServiceServerResetTestExecutionListener, org.springframework.boot.test.autoconfigure.web.servlet.MockMvcPrintOnlyOnFailureTestExecutionListener, org.springframework.boot.test.autoconfigure.web.servlet.WebDriverTestExecutionListener, org.springframework.boot.test.mock.mockito.MockitoTestExecutionListener, org.springframework.boot.test.mock.mockito.ResetMocksTestExecutionListener, org.springframework.test.context.web.ServletTestExecutionListener, org.springframework.test.context.support.DirtiesContextBeforeModesTestExecutionListener, org.springframework.test.context.support.DependencyInjectionTestExecutionListener, org.springframework.test.context.support.DirtiesContextTestExecutionListener, org.springframework.test.context.transaction.TransactionalTestExecutionListener, org.springframework.test.context.jdbc.SqlScriptsTestExecutionListener]
2020-08-14 19:36:51.249  INFO 17368 --- [    Test worker] .b.t.c.SpringBootTestContextBootstrapper : Using TestExecutionListeners: [org.springframework.test.context.web.ServletTestExecutionListener@10d812b, org.springframework.test.context.support.DirtiesContextBeforeModesTestExecutionListener@17b562f, org.springframework.boot.test.mock.mockito.MockitoTestExecutionListener@3c43d872, org.springframework.boot.test.autoconfigure.SpringBootDependencyInjectionTestExecutionListener@584df9e1, org.springframework.test.context.support.DirtiesContextTestExecutionListener@35a43f1a, org.springframework.test.context.transaction.TransactionalTestExecutionListener@6eb5ddaf, org.springframework.test.context.jdbc.SqlScriptsTestExecutionListener@4c970843, org.springframework.security.test.context.support.WithSecurityContextTestExecutionListener@7ba272c1, org.springframework.security.test.context.support.ReactorContextTestExecutionListener@6feade40, org.springframework.boot.test.autoconfigure.restdocs.RestDocsTestExecutionListener@2ff23eb7, org.springframework.boot.test.autoconfigure.web.client.MockRestServiceServerResetTestExecutionListener@5bd3ee1a, org.springframework.boot.test.autoconfigure.web.servlet.MockMvcPrintOnlyOnFailureTestExecutionListener@330fabdb, org.springframework.boot.test.autoconfigure.web.servlet.WebDriverTestExecutionListener@aae7b24, org.springframework.boot.test.mock.mockito.ResetMocksTestExecutionListener@3497fb40]
2020-08-14 19:36:51.263  INFO 17368 --- [    Test worker] o.a.c.c.C.[Tomcat].[localhost].[/]       : Initializing Spring TestDispatcherServlet ''
2020-08-14 19:36:51.263  INFO 17368 --- [    Test worker] o.s.t.web.servlet.TestDispatcherServlet  : Initializing Servlet ''
2020-08-14 19:36:51.266  INFO 17368 --- [    Test worker] o.s.t.web.servlet.TestDispatcherServlet  : Completed initialization in 3 ms
Hibernate: insert into posts (created_date, modified_date, author, content, title) values (?, ?, ?, ?, ?)
Hibernate: select posts0_.id as id1_0_, posts0_.created_date as created_2_0_, posts0_.modified_date as modified3_0_, posts0_.author as author4_0_, posts0_.content as content5_0_, posts0_.title as title6_0_ from posts posts0_
Hibernate: select posts0_.id as id1_0_, posts0_.created_date as created_2_0_, posts0_.modified_date as modified3_0_, posts0_.author as author4_0_, posts0_.content as content5_0_, posts0_.title as title6_0_ from posts posts0_
Hibernate: delete from posts where id=?
2020-08-14 19:36:51.373  INFO 17368 --- [    Test worker] o.a.c.c.C.[Tomcat].[localhost].[/]       : Initializing Spring TestDispatcherServlet ''
2020-08-14 19:36:51.373  INFO 17368 --- [    Test worker] o.s.t.web.servlet.TestDispatcherServlet  : Initializing Servlet ''
2020-08-14 19:36:51.377  INFO 17368 --- [    Test worker] o.s.t.web.servlet.TestDispatcherServlet  : Completed initialization in 4 ms
Hibernate: insert into posts (created_date, modified_date, author, content, title) values (?, ?, ?, ?, ?)
Hibernate: select posts0_.id as id1_0_0_, posts0_.created_date as created_2_0_0_, posts0_.modified_date as modified3_0_0_, posts0_.author as author4_0_0_, posts0_.content as content5_0_0_, posts0_.title as title6_0_0_ from posts posts0_ where posts0_.id=?
Hibernate: update posts set created_date=?, modified_date=?, author=?, content=?, title=? where id=?
Hibernate: select posts0_.id as id1_0_, posts0_.created_date as created_2_0_, posts0_.modified_date as modified3_0_, posts0_.author as author4_0_, posts0_.content as content5_0_, posts0_.title as title6_0_ from posts posts0_
Hibernate: select posts0_.id as id1_0_, posts0_.created_date as created_2_0_, posts0_.modified_date as modified3_0_, posts0_.author as author4_0_, posts0_.content as content5_0_, posts0_.title as title6_0_ from posts posts0_
Hibernate: delete from posts where id=?
]]></system-out>
  <system-err><![CDATA[]]></system-err>
</testsuite>
