<?xml version="1.0" encoding="UTF-8"?>
<testsuite name="com.DJJY.springboot.web.HelloControllerTest" tests="2" skipped="0" failures="0" errors="0" timestamp="2020-08-14T10:36:46" hostname="DESKTOP-4IOAKB7" time="0.277">
  <properties/>
  <testcase name="hello가_리턴된다" classname="com.DJJY.springboot.web.HelloControllerTest" time="0.117"/>
  <testcase name="helloDto가_리턴된다" classname="com.DJJY.springboot.web.HelloControllerTest" time="0.159"/>
  <system-out><![CDATA[2020-08-14 19:36:44.570  INFO 17368 --- [    Test worker] .b.t.a.w.s.WebMvcTestContextBootstrapper : Neither @ContextConfiguration nor @ContextHierarchy found for test class [com.DJJY.springboot.web.HelloControllerTest], using SpringBootContextLoader
2020-08-14 19:36:44.572  INFO 17368 --- [    Test worker] o.s.t.c.support.AbstractContextLoader    : Could not detect default resource locations for test class [com.DJJY.springboot.web.HelloControllerTest]: no resource found for suffixes {-context.xml, Context.groovy}.
2020-08-14 19:36:44.572  INFO 17368 --- [    Test worker] t.c.s.AnnotationConfigContextLoaderUtils : Could not detect default configuration classes for test class [com.DJJY.springboot.web.HelloControllerTest]: HelloControllerTest does not declare any static, non-private, non-final, nested classes annotated with @Configuration.
2020-08-14 19:36:44.620  INFO 17368 --- [    Test worker] .b.t.c.SpringBootTestContextBootstrapper : Found @SpringBootConfiguration com.DJJY.springboot.Application for test class com.DJJY.springboot.web.HelloControllerTest
2020-08-14 19:36:44.620  INFO 17368 --- [    Test worker] .b.t.a.w.s.WebMvcTestContextBootstrapper : Loaded default TestExecutionListener class names from location [META-INF/spring.factories]: [org.springframework.security.test.context.support.WithSecurityContextTestExecutionListener, org.springframework.security.test.context.support.ReactorContextTestExecutionListener, org.springframework.boot.test.autoconfigure.restdocs.RestDocsTestExecutionListener, org.springframework.boot.test.autoconfigure.web.client.MockRestServiceServerResetTestExecutionListener, org.springframework.boot.test.autoconfigure.web.servlet.MockMvcPrintOnlyOnFailureTestExecutionListener, org.springframework.boot.test.autoconfigure.web.servlet.WebDriverTestExecutionListener, org.springframework.boot.test.mock.mockito.MockitoTestExecutionListener, org.springframework.boot.test.mock.mockito.ResetMocksTestExecutionListener, org.springframework.test.context.web.ServletTestExecutionListener, org.springframework.test.context.support.DirtiesContextBeforeModesTestExecutionListener, org.springframework.test.context.support.DependencyInjectionTestExecutionListener, org.springframework.test.context.support.DirtiesContextTestExecutionListener, org.springframework.test.context.transaction.TransactionalTestExecutionListener, org.springframework.test.context.jdbc.SqlScriptsTestExecutionListener]
2020-08-14 19:36:44.622  INFO 17368 --- [    Test worker] .b.t.a.w.s.WebMvcTestContextBootstrapper : Using TestExecutionListeners: [org.springframework.test.context.web.ServletTestExecutionListener@1bd711f7, org.springframework.test.context.support.DirtiesContextBeforeModesTestExecutionListener@61cde514, org.springframework.boot.test.mock.mockito.MockitoTestExecutionListener@50b1687e, org.springframework.boot.test.autoconfigure.SpringBootDependencyInjectionTestExecutionListener@40e83ae5, org.springframework.test.context.support.DirtiesContextTestExecutionListener@6393d3a6, org.springframework.test.context.transaction.TransactionalTestExecutionListener@6d786f85, org.springframework.test.context.jdbc.SqlScriptsTestExecutionListener@365118cc, org.springframework.security.test.context.support.WithSecurityContextTestExecutionListener@37ef33f1, org.springframework.security.test.context.support.ReactorContextTestExecutionListener@4a9cc849, org.springframework.boot.test.autoconfigure.restdocs.RestDocsTestExecutionListener@64b692d8, org.springframework.boot.test.autoconfigure.web.client.MockRestServiceServerResetTestExecutionListener@5a9f61fa, org.springframework.boot.test.autoconfigure.web.servlet.MockMvcPrintOnlyOnFailureTestExecutionListener@1421a1e3, org.springframework.boot.test.autoconfigure.web.servlet.WebDriverTestExecutionListener@38d3edae, org.springframework.boot.test.mock.mockito.ResetMocksTestExecutionListener@68a3883e]

  .   ____          _            __ _ _
 /\\ / ___'_ __ _ _(_)_ __  __ _ \ \ \ \
( ( )\___ | '_ | '_| | '_ \/ _` | \ \ \ \
 \\/  ___)| |_)| | | | | || (_| |  ) ) ) )
  '  |____| .__|_| |_|_| |_\__, | / / / /
 =========|_|==============|___/=/_/_/_/
 :: Spring Boot ::        (v2.1.9.RELEASE)

2020-08-14 19:36:44.719  INFO 17368 --- [    Test worker] c.D.springboot.web.HelloControllerTest   : Starting HelloControllerTest on DESKTOP-4IOAKB7 with PID 17368 (started by user in C:\Users\user\project_200728)
2020-08-14 19:36:44.719  INFO 17368 --- [    Test worker] c.D.springboot.web.HelloControllerTest   : The following profiles are active: oauth
2020-08-14 19:36:45.536  INFO 17368 --- [    Test worker] o.s.s.concurrent.ThreadPoolTaskExecutor  : Initializing ExecutorService 'applicationTaskExecutor'
2020-08-14 19:36:45.612  INFO 17368 --- [    Test worker] o.s.b.a.w.s.WelcomePageHandlerMapping    : Adding welcome page template: index
2020-08-14 19:36:45.979  INFO 17368 --- [    Test worker] .s.s.UserDetailsServiceAutoConfiguration : 

Using generated security password: fa873c49-c614-4d2b-838d-926569da929d

2020-08-14 19:36:46.217  INFO 17368 --- [    Test worker] o.s.s.web.DefaultSecurityFilterChain     : Creating filter chain: any request, [org.springframework.security.web.context.request.async.WebAsyncManagerIntegrationFilter@3429e38f, org.springframework.security.web.context.SecurityContextPersistenceFilter@483d73cc, org.springframework.security.web.header.HeaderWriterFilter@737575f8, org.springframework.security.web.csrf.CsrfFilter@79a120ea, org.springframework.security.web.authentication.logout.LogoutFilter@43de1508, org.springframework.security.web.authentication.UsernamePasswordAuthenticationFilter@4409b76f, org.springframework.security.web.authentication.ui.DefaultLoginPageGeneratingFilter@2b80653d, org.springframework.security.web.authentication.ui.DefaultLogoutPageGeneratingFilter@b596d9a, org.springframework.security.web.authentication.www.BasicAuthenticationFilter@1d0e1061, org.springframework.security.web.savedrequest.RequestCacheAwareFilter@6d5797b1, org.springframework.security.web.servletapi.SecurityContextHolderAwareRequestFilter@3555e556, org.springframework.security.web.authentication.AnonymousAuthenticationFilter@6639f988, org.springframework.security.web.session.SessionManagementFilter@323ad0c, org.springframework.security.web.access.ExceptionTranslationFilter@4adde258, org.springframework.security.web.access.intercept.FilterSecurityInterceptor@560a0d5c]
2020-08-14 19:36:46.307  INFO 17368 --- [    Test worker] o.s.b.t.m.w.SpringBootMockServletContext : Initializing Spring TestDispatcherServlet ''
2020-08-14 19:36:46.308  INFO 17368 --- [    Test worker] o.s.t.web.servlet.TestDispatcherServlet  : Initializing Servlet ''
2020-08-14 19:36:46.343  INFO 17368 --- [    Test worker] o.s.t.web.servlet.TestDispatcherServlet  : Completed initialization in 35 ms
2020-08-14 19:36:46.402  INFO 17368 --- [    Test worker] c.D.springboot.web.HelloControllerTest   : Started HelloControllerTest in 1.776 seconds (JVM running for 13.951)
]]></system-out>
  <system-err><![CDATA[]]></system-err>
</testsuite>
